[bodaericyjudith.com/index.html]
[backblue.gif]
[fade.gif]
[index.html]
[cdn.jsdelivr.net/npm/bootstrap@5.3.3/dist/css/bootstrap.min.css]
[bodaericyjudith.com/public/css/main534c.css]
[cdnjs.cloudflare.com/ajax/libs/flipclock/0.7.8/flipclock.min.css]
[cdn.datatables.net/1.11.5/css/jquery.dataTables.css]
[bodaericyjudith.com/public/images/logo.png]
[bodaericyjudith.com/nuestra-historia.html]
[bodaericyjudith.com/viaje-estadia.html]
[bodaericyjudith.com/lista-regalos.html]
[bodaericyjudith.com/festa.html]
[bodaericyjudith.com/confirmar-asistencia.html]
[bodaericyjudith.com/public/images/Logo_bolsa_-_rosa_color_2-04.png]
[bodaericyjudith.com/public/images/home-camina.jpg]
[bodaericyjudith.com/public/images/image00015.png]
[bodaericyjudith.com/public/images/fondo_8_slider.jpg]
[bodaericyjudith.com/public/images/boombons.png]
[bodaericyjudith.com/public/images/fondo_8.png]
[bodaericyjudith.com/contacto.html]
[cdn.jsdelivr.net/npm/bootstrap@5.3.3/dist/js/bootstrap.bundle.min.js]
[cdnjs.cloudflare.com/ajax/libs/jquery/3.6.0/jquery.min.js]
[cdnjs.cloudflare.com/ajax/libs/flipclock/0.7.8/flipclock.min.js]
[bodaericyjudith.com/public/js/flipclock.ca.js]
[bodaericyjudith.com/index.html]
[cdn.jsdelivr.net/npm/bootstrap@5.3.3/dist/css/bootstrap.min.css]
[cdn.datatables.net/1.11.5/js/jquery.dataTables.js]
[bodaericyjudith.com/public/images/portada-eric.png]
[bodaericyjudith.com/public/images/fondo-video-recortado.jpg]
[bodaericyjudith.com/public/images/fondo_5.jpg]
[bodaericyjudith.com/public/css/main534c.css]
[cdnjs.cloudflare.com/ajax/libs/flipclock/0.7.8/flipclock.min.css]
[cdn.datatables.net/1.11.5/images/sort_both.png]
[cdn.datatables.net/1.11.5/images/sort_asc.png]
[cdn.datatables.net/1.11.5/images/sort_desc.png]
[cdn.datatables.net/1.11.5/images/sort_asc_disabled.png]
[cdn.datatables.net/1.11.5/images/sort_desc_disabled.png]
[cdn.datatables.net/1.11.5/css/jquery.dataTables.css]
[bodaericyjudith.com/public/css/mainc64d.css]
[bodaericyjudith.com/public/images/image00007.png]
[bodaericyjudith.com/nuestra-historia.html]
[bodaericyjudith.com/viaje-estadia.html]
[bodaericyjudith.com/public/css/main934c.css]
[bodaericyjudith.com/lista-regalos.html]
[bodaericyjudith.com/public/css/main1099.css]
[bodaericyjudith.com/festa.html]
[bodaericyjudith.com/public/css/main7f63.css]
[bodaericyjudith.com/confirmar-asistencia.html]
[bodaericyjudith.com/public/css/main3388.css]
[bodaericyjudith.com/contacto.html]
[bodaericyjudith.com/public/css/mainc64d.css]
[bodaericyjudith.com/public/css/main934c.css]
[bodaericyjudith.com/public/css/main1099.css]
[bodaericyjudith.com/public/css/main7f63.css]
[bodaericyjudith.com/public/css/main3388.css]
[bodaericyjudith.com/public/css/main1cee.css]
[bodaericyjudith.com/public/css/main1cee.css]
